# JRE version: OpenJDK Runtime Environment (11.0.10) (build 11.0.10+0-b96-7249189)
# Java VM: OpenJDK 64-Bit Server VM (11.0.10+0-b96-7249189, mixed mode, tiered, compressed oops, g1 gc, windows-amd64)
Heap:
 garbage-first heap   total 260096K, used 30596K [0x0000000080000000, 0x0000000100000000)
  region size 1024K, 9 young (9216K), 9 survivors (9216K)
 Metaspace       used 50370K, capacity 51780K, committed 51836K, reserved 1101824K
  class space    used 6602K, capacity 7144K, committed 7168K, reserved 1048576K
GC Heap History (12 events):
Event: 1.059 GC heap before
{Heap before GC invocations=0 (full 0):
 garbage-first heap   total 260096K, used 29696K [0x0000000080000000, 0x0000000100000000)
  region size 1024K, 24 young (24576K), 0 survivors (0K)
 Metaspace       used 9840K, capacity 10050K, committed 10112K, reserved 1058816K
  class space    used 1021K, capacity 1102K, committed 1152K, reserved 1048576K
}
Event: 1.065 GC heap after
{Heap after GC invocations=1 (full 0):
 garbage-first heap   total 260096K, used 9357K [0x0000000080000000, 0x0000000100000000)
  region size 1024K, 3 young (3072K), 3 survivors (3072K)
 Metaspace       used 9840K, capacity 10050K, committed 10112K, reserved 1058816K
  class space    used 1021K, capacity 1102K, committed 1152K, reserved 1048576K
}
Event: 4.792 GC heap before
{Heap before GC invocations=1 (full 0):
 garbage-first heap   total 260096K, used 108685K [0x0000000080000000, 0x0000000100000000)
  region size 1024K, 100 young (102400K), 3 survivors (3072K)
 Metaspace       used 20635K, capacity 21151K, committed 21296K, reserved 1069056K
  class space    used 2513K, capacity 2688K, committed 2688K, reserved 1048576K
}
Event: 4.808 GC heap after
{Heap after GC invocations=2 (full 0):
 garbage-first heap   total 260096K, used 16852K [0x0000000080000000, 0x0000000100000000)
  region size 1024K, 11 young (11264K), 11 survivors (11264K)
 Metaspace       used 20635K, capacity 21151K, committed 21296K, reserved 1069056K
  class space    used 2513K, capacity 2688K, committed 2688K, reserved 1048576K
}
Event: 6.172 GC heap before
{Heap before GC invocations=3 (full 0):
 garbage-first heap   total 260096K, used 57812K [0x0000000080000000, 0x0000000100000000)
  region size 1024K, 51 young (52224K), 11 survivors (11264K)
 Metaspace       used 24526K, capacity 25049K, committed 25392K, reserved 1071104K
  class space    used 3159K, capacity 3353K, committed 3456K, reserved 1048576K
}
Event: 6.182 GC heap after
{Heap after GC invocations=4 (full 0):
 garbage-first heap   total 260096K, used 18496K [0x0000000080000000, 0x0000000100000000)
  region size 1024K, 2 young (2048K), 2 survivors (2048K)
 Metaspace       used 24526K, capacity 25049K, committed 25392K, reserved 1071104K
  class space    used 3159K, capacity 3353K, committed 3456K, reserved 1048576K
}
Event: 8.382 GC heap before
{Heap before GC invocations=4 (full 0):
 garbage-first heap   total 260096K, used 89152K [0x0000000080000000, 0x0000000100000000)
  region size 1024K, 73 young (74752K), 2 survivors (2048K)
 Metaspace       used 34817K, capacity 35607K, committed 35708K, reserved 1081344K
  class space    used 4528K, capacity 4832K, committed 4864K, reserved 1048576K
}
Event: 8.394 GC heap after
{Heap after GC invocations=5 (full 0):
 garbage-first heap   total 260096K, used 22658K [0x0000000080000000, 0x0000000100000000)
  region size 1024K, 6 young (6144K), 6 survivors (6144K)
 Metaspace       used 34817K, capacity 35607K, committed 35708K, reserved 1081344K
  class space    used 4528K, capacity 4832K, committed 4864K, reserved 1048576K
}
Event: 10.971 GC heap before
{Heap before GC invocations=6 (full 0):
 garbage-first heap   total 260096K, used 135298K [0x0000000080000000, 0x0000000100000000)
  region size 1024K, 112 young (114688K), 6 survivors (6144K)
 Metaspace       used 45873K, capacity 47067K, committed 47228K, reserved 1089536K
  class space    used 5927K, capacity 6358K, committed 6400K, reserved 1048576K
}
Event: 10.986 GC heap after
{Heap after GC invocations=7 (full 0):
 garbage-first heap   total 260096K, used 28344K [0x0000000080000000, 0x0000000100000000)
  region size 1024K, 12 young (12288K), 12 survivors (12288K)
 Metaspace       used 45873K, capacity 47067K, committed 47228K, reserved 1089536K
  class space    used 5927K, capacity 6358K, committed 6400K, reserved 1048576K
}
Event: 12.633 GC heap before
{Heap before GC invocations=7 (full 0):
 garbage-first heap   total 260096K, used 100024K [0x0000000080000000, 0x0000000100000000)
  region size 1024K, 83 young (84992K), 12 survivors (12288K)
 Metaspace       used 50370K, capacity 51780K, committed 51836K, reserved 1099776K
  class space    used 6602K, capacity 7144K, committed 7168K, reserved 1048576K
}
Event: 12.648 GC heap after
{Heap after GC invocations=8 (full 0):
 garbage-first heap   total 260096K, used 30596K [0x0000000080000000, 0x0000000100000000)
  region size 1024K, 9 young (9216K), 9 survivors (9216K)
 Metaspace       used 50370K, capacity 51780K, committed 51836K, reserved 1099776K
  class space    used 6602K, capacity 7144K, committed 7168K, reserved 1048576K
}

